<?xml version="1.0" encoding="UTF-8"?>
<!-- Generated by org.testng.reporters.JUnitReportReporter -->
<testsuite hostname="LAPTOP-PO6CA4J6" failures="0" tests="1" name="orangehrm.HRM" time="10.947" errors="0" timestamp="2022-03-29T10:03:47 EDT" skipped="0">
  <testcase classname="orangehrm.HRM" name="typename" time="10.947"/>
  <system-out/>
</testsuite> <!-- orangehrm.HRM -->
